<?xml version="1.0" encoding="UTF-8"?>
<testsuite xmlns:xsi="http://www.w3.org/2001/XMLSchema-instance" xsi:noNamespaceSchemaLocation="https://maven.apache.org/surefire/maven-surefire-plugin/xsd/surefire-test-report-3.0.xsd" version="3.0" name="Contenido.ContenidoTest" time="0.364" tests="3" errors="0" skipped="0" failures="0">
  <properties>
[...]
</properties>
  <testcase name="verificarCostoTotalDePelicula" classname="Contenido.ContenidoTest" time="0.165"/>
  <testcase name="calcularCostoTotalDeDocumental" classname="Contenido.ContenidoTest" time="0.019"/>
  <testcase name="calcularCostoTotalDeSerie" classname="Contenido.ContenidoTest" time="0.019"/>
</testsuite>